F:\PUBLICDATA\BUILDER\VS2010\COMMON\DEBUG\ANDROIDPLATFORM.OBJ
F:\PUBLICDATA\BUILDER\VS2010\COMMON\DEBUG\BASELOGLOCATION.OBJ
F:\PUBLICDATA\BUILDER\VS2010\COMMON\DEBUG\BASEPLATFORM.OBJ
F:\publicdata\builder\vs2010\common\Debug\cl.command.1.tlog
F:\publicdata\builder\vs2010\common\Debug\CL.read.1.tlog
F:\publicdata\builder\vs2010\common\Debug\CL.write.1.tlog
F:\publicdata\builder\vs2010\common\Debug\common.dll.intermediate.manifest
F:\publicdata\builder\vs2010\common\Debug\common.write.1.tlog
F:\PUBLICDATA\BUILDER\VS2010\COMMON\DEBUG\CONSOLELOGLOCATION.OBJ
F:\PUBLICDATA\BUILDER\VS2010\COMMON\DEBUG\CRYPTO.OBJ
F:\PUBLICDATA\BUILDER\VS2010\COMMON\DEBUG\DFREEBSDPLATFORM.OBJ
F:\PUBLICDATA\BUILDER\VS2010\COMMON\DEBUG\FILE.OBJ
F:\PUBLICDATA\BUILDER\VS2010\COMMON\DEBUG\FILELOGLOCATION.OBJ
F:\PUBLICDATA\BUILDER\VS2010\COMMON\DEBUG\FORMATTER.OBJ
F:\PUBLICDATA\BUILDER\VS2010\COMMON\DEBUG\FREEBSDPLATFORM.OBJ
F:\PUBLICDATA\BUILDER\VS2010\COMMON\DEBUG\IOBUFFER.OBJ
F:\publicdata\builder\vs2010\common\Debug\link.command.1.tlog
F:\publicdata\builder\vs2010\common\Debug\link.read.1.tlog
F:\publicdata\builder\vs2010\common\Debug\link.write.1.tlog
F:\PUBLICDATA\BUILDER\VS2010\COMMON\DEBUG\LINUXPLATFORM.OBJ
F:\PUBLICDATA\BUILDER\VS2010\COMMON\DEBUG\LOGCATLOGLOCATION.OBJ
F:\PUBLICDATA\BUILDER\VS2010\COMMON\DEBUG\LOGEVENTFACTORY.OBJ
F:\PUBLICDATA\BUILDER\VS2010\COMMON\DEBUG\LOGGER.OBJ
F:\PUBLICDATA\BUILDER\VS2010\COMMON\DEBUG\LUAUTILS.OBJ
F:\PUBLICDATA\BUILDER\VS2010\COMMON\DEBUG\MEMPOOL.OBJ
F:\PUBLICDATA\BUILDER\VS2010\COMMON\DEBUG\MMAPFILE.OBJ
F:\PUBLICDATA\BUILDER\VS2010\COMMON\DEBUG\OPENBSDPLATFORM.OBJ
F:\PUBLICDATA\BUILDER\VS2010\COMMON\DEBUG\OSXPLATFORM.OBJ
F:\PUBLICDATA\BUILDER\VS2010\COMMON\DEBUG\SOLARISPLATFORM.OBJ
F:\PUBLICDATA\BUILDER\VS2010\COMMON\DEBUG\STRNCASECMP.OBJ
F:\PUBLICDATA\BUILDER\VS2010\COMMON\DEBUG\STRPTIME.OBJ
F:\PUBLICDATA\BUILDER\VS2010\COMMON\DEBUG\SYSLOGLOGLOCATION.OBJ
F:\PUBLICDATA\BUILDER\VS2010\COMMON\DEBUG\TIMEGM.OBJ
F:\PUBLICDATA\BUILDER\VS2010\COMMON\DEBUG\TIMERSMANAGER.OBJ
F:\PUBLICDATA\BUILDER\VS2010\COMMON\DEBUG\TINYXML.OBJ
F:\PUBLICDATA\BUILDER\VS2010\COMMON\DEBUG\TINYXMLERROR.OBJ
F:\PUBLICDATA\BUILDER\VS2010\COMMON\DEBUG\TINYXMLPARSER.OBJ
F:\PUBLICDATA\BUILDER\VS2010\COMMON\DEBUG\URI.OBJ
F:\PUBLICDATA\BUILDER\VS2010\COMMON\DEBUG\VARIANT.OBJ
F:\publicdata\builder\vs2010\common\Debug\vc100.idb
F:\PUBLICDATA\BUILDER\VS2010\COMMON\DEBUG\VC100.PDB
F:\PUBLICDATA\BUILDER\VS2010\COMMON\DEBUG\WIN32PLATFORM.OBJ
F:\publicdata\builder\vs2010\Debug\common.pdb
