F:\PUBLICDATA\BUILDER\VS2010\DEBUG\SQLITE.DLL
F:\PUBLICDATA\BUILDER\VS2010\DEBUG\SQLITE.ILK
F:\PUBLICDATA\BUILDER\VS2010\DEBUG\SQLITE.PDB
F:\publicdata\builder\vs2010\sqlite\Debug\cl.command.1.tlog
F:\publicdata\builder\vs2010\sqlite\Debug\CL.read.1.tlog
F:\publicdata\builder\vs2010\sqlite\Debug\CL.write.1.tlog
F:\publicdata\builder\vs2010\sqlite\Debug\link.14284.read.1.tlog
F:\publicdata\builder\vs2010\sqlite\Debug\link.14284.write.1.tlog
F:\publicdata\builder\vs2010\sqlite\Debug\link.14284-cvtres.read.1.tlog
F:\publicdata\builder\vs2010\sqlite\Debug\link.14284-cvtres.write.1.tlog
F:\publicdata\builder\vs2010\sqlite\Debug\link.command.1.tlog
F:\publicdata\builder\vs2010\sqlite\Debug\link.read.1.tlog
F:\publicdata\builder\vs2010\sqlite\Debug\link.write.1.tlog
F:\publicdata\builder\vs2010\sqlite\Debug\link-cvtres.read.1.tlog
F:\publicdata\builder\vs2010\sqlite\Debug\link-cvtres.write.1.tlog
F:\publicdata\builder\vs2010\sqlite\Debug\mt.command.1.tlog
F:\publicdata\builder\vs2010\sqlite\Debug\mt.read.1.tlog
F:\publicdata\builder\vs2010\sqlite\Debug\mt.write.1.tlog
F:\publicdata\builder\vs2010\sqlite\Debug\rc.command.1.tlog
F:\publicdata\builder\vs2010\sqlite\Debug\rc.read.1.tlog
F:\publicdata\builder\vs2010\sqlite\Debug\rc.write.1.tlog
F:\PUBLICDATA\BUILDER\VS2010\SQLITE\DEBUG\SHELL.OBJ
F:\PUBLICDATA\BUILDER\VS2010\SQLITE\DEBUG\SQLITE.DLL.EMBED.MANIFEST
F:\PUBLICDATA\BUILDER\VS2010\SQLITE\DEBUG\SQLITE.DLL.EMBED.MANIFEST.RES
F:\PUBLICDATA\BUILDER\VS2010\SQLITE\DEBUG\SQLITE.DLL.INTERMEDIATE.MANIFEST
F:\publicdata\builder\vs2010\sqlite\Debug\sqlite.write.1.tlog
F:\publicdata\builder\vs2010\sqlite\Debug\sqlite_manifest.rc
F:\PUBLICDATA\BUILDER\VS2010\SQLITE\DEBUG\SQLITE3.OBJ
F:\publicdata\builder\vs2010\sqlite\Debug\vc100.idb
F:\PUBLICDATA\BUILDER\VS2010\SQLITE\DEBUG\VC100.PDB
